commit 7a6e255f2846d6853ceccba6b3b46a2b4bc01e0b
Author: Marcia <marcia.garciam@hotmail.com>
Date:   Tue May 10 18:09:44 2022 -0500

    homework resources added README.md

commit 969e3e37a6396a078911b7a95790f82d5342139c
Merge: 2f261b3 22149f3
Author: Marcia <marcia.garciam@hotmail.com>
Date:   Tue May 10 18:01:56 2022 -0500

    homework conflict step 28 README.md

commit 2f261b342ff495718246c95da10306b60c520d2d
Author: Marcia <marcia.garciam@hotmail.com>
Date:   Tue May 10 17:59:55 2022 -0500

    homework step 24 README.md

commit 22149f397b19682c6738cc14f2b534c3f7484dbd
Author: Marcia <marcia.garciam@hotmail.com>
Date:   Tue May 10 17:58:28 2022 -0500

    homework step 21 README.md

commit a804eabfe2647cbf0307175aec9e01cf7f33f27f
Author: Marcia <marcia.garciam@hotmail.com>
Date:   Tue May 10 17:54:16 2022 -0500

    saved new changes to README.md

commit 522e96c643c72883ab3eb71605151fd8c9e79bf0
Author: Marcia <marcia.garciam@hotmail.com>
Date:   Tue May 10 17:46:09 2022 -0500

    saved changes to README.md

commit 9ab0673ebe09ea2edb50d17374cf1249f2484e04
Author: Marcia <marcia.garciam@hotmail.com>
Date:   Tue May 10 17:45:31 2022 -0500

    deleted second README.md

commit 00af00c8cfb9d1cf79b56a396eafbc37a07c3468
Author: Marcia <marcia.garciam@hotmail.com>
Date:   Tue May 10 17:36:19 2022 -0500

    saved changes to README.md

commit 806d513af8248af98efeb48a7230c83ec7c48fb4
Author: Marcia Mota <marcia.garciam@hotmail.com>
Date:   Tue May 10 16:21:50 2022 -0500

    Initial commit
